<!DOCTYPE html>

<html>
  <head>
  <meta charset='utf-8'>
  <title>TestNG reports</title>

    <link type="text/css" href="testng-reports.css" rel="stylesheet" />  
    <script type="text/javascript" src="jquery-1.7.1.min.js"></script>
    <script type="text/javascript" src="testng-reports.js"></script>
    <script type="text/javascript" src="https://www.google.com/jsapi"></script>
    <script type='text/javascript'>
      google.load('visualization', '1', {packages:['table']});
      google.setOnLoadCallback(drawTable);
      var suiteTableInitFunctions = new Array();
      var suiteTableData = new Array();
    </script>
    <!--
      <script type="text/javascript" src="jquery-ui/js/jquery-ui-1.8.16.custom.min.js"></script>
     -->
  </head>

  <body>
    <div class="top-banner-root">
      <span class="top-banner-title-font">Test results</span>
      <br/>
      <span class="top-banner-font-1">1 suite, 5 failed tests</span>
    </div> <!-- top-banner-root -->
    <div class="navigator-root">
      <div class="navigator-suite-header">
        <span>All suites</span>
        <a href="#" class="collapse-all-link" title="Collapse/expand all the suites">
          <img class="collapse-all-icon" src="collapseall.gif">
          </img> <!-- collapse-all-icon -->
        </a> <!-- collapse-all-link -->
      </div> <!-- navigator-suite-header -->
      <div class="suite">
        <div class="rounded-window">
          <div class="suite-header light-rounded-window-top">
            <a href="#" class="navigator-link" panel-name="suite-AmazonAutomationSuite">
              <span class="suite-name border-failed">AmazonAutomationSuite</span>
            </a> <!-- navigator-link -->
          </div> <!-- suite-header light-rounded-window-top -->
          <div class="navigator-suite-content">
            <div class="suite-section-title">
              <span>Info</span>
            </div> <!-- suite-section-title -->
            <div class="suite-section-content">
              <ul>
                <li>
                  <a href="#" class="navigator-link " panel-name="test-xml-AmazonAutomationSuite">
                    <span>C:\Users\anilkumar06\workspace\AmazonAutomation\testng.xml</span>
                  </a> <!-- navigator-link  -->
                </li>
                <li>
                  <a href="#" class="navigator-link " panel-name="testlist-AmazonAutomationSuite">
                    <span class="test-stats">6 tests</span>
                  </a> <!-- navigator-link  -->
                </li>
                <li>
                  <a href="#" class="navigator-link " panel-name="group-AmazonAutomationSuite">
                    <span>2 groups</span>
                  </a> <!-- navigator-link  -->
                </li>
                <li>
                  <a href="#" class="navigator-link " panel-name="times-AmazonAutomationSuite">
                    <span>Times</span>
                  </a> <!-- navigator-link  -->
                </li>
                <li>
                  <a href="#" class="navigator-link " panel-name="reporter-AmazonAutomationSuite">
                    <span>Reporter output</span>
                  </a> <!-- navigator-link  -->
                </li>
                <li>
                  <a href="#" class="navigator-link " panel-name="ignored-methods-AmazonAutomationSuite">
                    <span>Ignored methods</span>
                  </a> <!-- navigator-link  -->
                </li>
                <li>
                  <a href="#" class="navigator-link " panel-name="chronological-AmazonAutomationSuite">
                    <span>Chronological view</span>
                  </a> <!-- navigator-link  -->
                </li>
              </ul>
            </div> <!-- suite-section-content -->
            <div class="result-section">
              <div class="suite-section-title">
                <span>Results</span>
              </div> <!-- suite-section-title -->
              <div class="suite-section-content">
                <ul>
                  <li>
                    <span class="method-stats">7 methods, 5 failed,  2 skipped,  </span>
                  </li>
                  <li>
                    <span class="method-list-title failed">Failed methods</span>
                    <span class="show-or-hide-methods failed">
                      <a href="#" panel-name="suite-AmazonAutomationSuite" class="hide-methods failed suite-AmazonAutomationSuite"> (hide)</a> <!-- hide-methods failed suite-AmazonAutomationSuite -->
                      <a href="#" panel-name="suite-AmazonAutomationSuite" class="show-methods failed suite-AmazonAutomationSuite"> (show)</a> <!-- show-methods failed suite-AmazonAutomationSuite -->
                    </span>
                    <div class="method-list-content failed suite-AmazonAutomationSuite">
                      <span>
                        <img width="3%" src="failed.png"/>
                        <a href="#" class="method navigator-link" panel-name="suite-AmazonAutomationSuite" title="com.amazonAutomationFramework.TestPackage.searchByCategory" hash-for-method="categorySelectTest({Runmode=Y, categoryName=Watches})">categorySelectTest({Runmode=Y, categoryName=Watches})</a> <!-- method navigator-link -->
                      </span>
                      <br/>
                      <span>
                        <img width="3%" src="failed.png"/>
                        <a href="#" class="method navigator-link" panel-name="suite-AmazonAutomationSuite" title="com.amazonAutomationFramework.TestPackage.couponsCategory" hash-for-method="couponCategoryTest({categoryText=Watches, Runmode=Y})">couponCategoryTest({categoryText=Watches, Runmode=Y})</a> <!-- method navigator-link -->
                      </span>
                      <br/>
                      <span>
                        <img width="3%" src="failed.png"/>
                        <a href="#" class="method navigator-link" panel-name="suite-AmazonAutomationSuite" title="com.amazonAutomationFramework.TestPackage.couponSort" hash-for-method="couponSortTest({sortText=Oldest, Runmode=Y})">couponSortTest({sortText=Oldest, Runmode=Y})</a> <!-- method navigator-link -->
                      </span>
                      <br/>
                      <span>
                        <img width="3%" src="failed.png"/>
                        <a href="#" class="method navigator-link" panel-name="suite-AmazonAutomationSuite" title="com.amazonAutomationFramework.TestPackage.addProductToCart" hash-for-method="productAddtoCartTest({Runmode=Y, productName=boAt BassHeads 100 in-Ear Headphones with Mic (Black)})">productAddtoCartTest({Runmode=Y, productName=boAt BassHeads 100 in-Ear Headphones with Mic (Black)})</a> <!-- method navigator-link -->
                      </span>
                      <br/>
                      <span>
                        <img width="3%" src="failed.png"/>
                        <a href="#" class="method navigator-link" panel-name="suite-AmazonAutomationSuite" title="com.amazonAutomationFramework.TestPackage.addProductToCart" hash-for-method="productAddtoCartTest({Runmode=Y, productName=boAt BassHeads 100 in-Ear Headphones with Mic (White)})">productAddtoCartTest({Runmode=Y, productName=boAt BassHeads 100 in-Ear Headphones with Mic (White)})</a> <!-- method navigator-link -->
                      </span>
                      <br/>
                    </div> <!-- method-list-content failed suite-AmazonAutomationSuite -->
                  </li>
                  <li>
                    <span class="method-list-title skipped">Skipped methods</span>
                    <span class="show-or-hide-methods skipped">
                      <a href="#" panel-name="suite-AmazonAutomationSuite" class="hide-methods skipped suite-AmazonAutomationSuite"> (hide)</a> <!-- hide-methods skipped suite-AmazonAutomationSuite -->
                      <a href="#" panel-name="suite-AmazonAutomationSuite" class="show-methods skipped suite-AmazonAutomationSuite"> (show)</a> <!-- show-methods skipped suite-AmazonAutomationSuite -->
                    </span>
                    <div class="method-list-content skipped suite-AmazonAutomationSuite">
                      <span>
                        <img width="3%" src="skipped.png"/>
                        <a href="#" class="method navigator-link" panel-name="suite-AmazonAutomationSuite" title="com.amazonAutomationFramework.TestPackage.amazonLoginInvalidUser" hash-for-method="invalidUserLoginTest({UID=anilyadav106@gmail.com, PWD=invalidpassword, Runmode=Y})">invalidUserLoginTest({UID=anilyadav106@gmail.com, PWD=invalidpassword, Runmode=Y})</a> <!-- method navigator-link -->
                      </span>
                      <br/>
                      <span>
                        <img width="3%" src="skipped.png"/>
                        <a href="#" class="method navigator-link" panel-name="suite-AmazonAutomationSuite" title="com.amazonAutomationFramework.TestPackage.amazonLoginValidUser" hash-for-method="validUserLoginLogoutTest({UID=anilyadav106@gmail.com, PWD=Ndae10606, Runmode=Y})">validUserLoginLogoutTest({UID=anilyadav106@gmail.com, PWD=Ndae10606, Runmode=Y})</a> <!-- method navigator-link -->
                      </span>
                      <br/>
                    </div> <!-- method-list-content skipped suite-AmazonAutomationSuite -->
                  </li>
                </ul>
              </div> <!-- suite-section-content -->
            </div> <!-- result-section -->
          </div> <!-- navigator-suite-content -->
        </div> <!-- rounded-window -->
      </div> <!-- suite -->
    </div> <!-- navigator-root -->
    <div class="wrapper">
      <div class="main-panel-root">
        <div panel-name="suite-AmazonAutomationSuite" class="panel AmazonAutomationSuite">
          <div class="suite-AmazonAutomationSuite-class-failed">
            <div class="main-panel-header rounded-window-top">
              <img src="failed.png"/>
              <span class="class-name">com.amazonAutomationFramework.TestPackage.addProductToCart</span>
            </div> <!-- main-panel-header rounded-window-top -->
            <div class="main-panel-content rounded-window-bottom">
              <div class="method">
                <div class="method-content">
                  <a name="productAddtoCartTest({Runmode=Y, productName=boAt BassHeads 100 in-Ear Headphones with Mic (Black)})">
                  </a> <!-- productAddtoCartTest({Runmode=Y, productName=boAt BassHeads 100 in-Ear Headphones with Mic (Black)}) -->
                  <span class="method-name">productAddtoCartTest</span>
                  <span class="parameters">({Runmode=Y, productName=boAt BassHeads 100 in-Ear Headphones with Mic (Black)})</span>
                  <div class="stack-trace">org.openqa.selenium.TimeoutException: Expected condition failed: waiting for visibility of Proxy element for: DefaultElementLocator &apos;By.xpath: //input[@id=&apos;add-to-cart-button&apos;]&apos; (tried for 30 second(s) with 500 milliseconds interval)
	at org.openqa.selenium.support.ui.WebDriverWait.timeoutException(WebDriverWait.java:95)
	at org.openqa.selenium.support.ui.FluentWait.until(FluentWait.java:272)
	at com.amazonAutomationFramework.pages.homePage.addtoCartAProduct(homePage.java:98)
	at com.amazonAutomationFramework.TestPackage.addProductToCart.productAddtoCartTest(addProductToCart.java:56)
Caused by: org.openqa.selenium.NoSuchElementException: no such element: Unable to locate element: {&quot;method&quot;:&quot;xpath&quot;,&quot;selector&quot;:&quot;//input[@id=&apos;add-to-cart-button&apos;]&quot;}
  (Session info: chrome=81.0.4044.92)
For documentation on this error, please visit: https://www.seleniumhq.org/exceptions/no_such_element.html
Build info: version: &apos;3.141.59&apos;, revision: &apos;e82be7d358&apos;, time: &apos;2018-11-14T08:17:03&apos;
System info: host: &apos;ANILKUMAR06&apos;, ip: &apos;192.168.43.62&apos;, os.name: &apos;Windows 10&apos;, os.arch: &apos;amd64&apos;, os.version: &apos;10.0&apos;, java.version: &apos;1.8.0_221&apos;
Driver info: org.openqa.selenium.chrome.ChromeDriver
Capabilities {acceptInsecureCerts: false, browserName: chrome, browserVersion: 81.0.4044.92, chrome: {chromedriverVersion: 81.0.4044.69 (6813546031a4b..., userDataDir: C:\Users\ANILKU~1\AppData\L...}, goog:chromeOptions: {debuggerAddress: localhost:54854}, javascriptEnabled: true, networkConnectionEnabled: false, pageLoadStrategy: none, platform: WINDOWS, platformName: WINDOWS, proxy: Proxy(), setWindowRect: true, strictFileInteractability: false, timeouts: {implicit: 0, pageLoad: 300000, script: 30000}, unhandledPromptBehavior: dismiss and notify, webauthn:virtualAuthenticators: true}
Session ID: 429be14990c6f207bc72289b7ab41d3f
*** Element info: {Using=xpath, value=//input[@id=&apos;add-to-cart-button&apos;]}
	at org.openqa.selenium.remote.http.W3CHttpResponseCodec.createException(W3CHttpResponseCodec.java:187)
	at org.openqa.selenium.remote.http.W3CHttpResponseCodec.decode(W3CHttpResponseCodec.java:122)
	at org.openqa.selenium.remote.http.W3CHttpResponseCodec.decode(W3CHttpResponseCodec.java:49)
	at org.openqa.selenium.remote.HttpCommandExecutor.execute(HttpCommandExecutor.java:158)
	at org.openqa.selenium.remote.service.DriverCommandExecutor.execute(DriverCommandExecutor.java:83)
	at org.openqa.selenium.remote.RemoteWebDriver.execute(RemoteWebDriver.java:552)
	at org.openqa.selenium.remote.RemoteWebDriver.findElement(RemoteWebDriver.java:323)
	at org.openqa.selenium.remote.RemoteWebDriver.findElementByXPath(RemoteWebDriver.java:428)
	at org.openqa.selenium.By$ByXPath.findElement(By.java:353)
	at org.openqa.selenium.remote.RemoteWebDriver.findElement(RemoteWebDriver.java:315)
	at org.openqa.selenium.support.pagefactory.DefaultElementLocator.findElement(DefaultElementLocator.java:69)
	at org.openqa.selenium.support.pagefactory.internal.LocatingElementHandler.invoke(LocatingElementHandler.java:38)
	at com.sun.proxy.$Proxy10.isDisplayed(Unknown Source)
	at org.openqa.selenium.support.ui.ExpectedConditions.elementIfVisible(ExpectedConditions.java:314)
	at org.openqa.selenium.support.ui.ExpectedConditions.access$000(ExpectedConditions.java:43)
	at org.openqa.selenium.support.ui.ExpectedConditions$10.apply(ExpectedConditions.java:300)
	at org.openqa.selenium.support.ui.ExpectedConditions$10.apply(ExpectedConditions.java:297)
	at org.openqa.selenium.support.ui.FluentWait.until(FluentWait.java:249)
	... 26 more
... Removed 28 stack frames
</div> <!-- stack-trace -->
                </div> <!-- method-content -->
              </div> <!-- method -->
              <div class="method">
                <div class="method-content">
                  <a name="productAddtoCartTest({Runmode=Y, productName=boAt BassHeads 100 in-Ear Headphones with Mic (White)})">
                  </a> <!-- productAddtoCartTest({Runmode=Y, productName=boAt BassHeads 100 in-Ear Headphones with Mic (White)}) -->
                  <span class="method-name">productAddtoCartTest</span>
                  <span class="parameters">({Runmode=Y, productName=boAt BassHeads 100 in-Ear Headphones with Mic (White)})</span>
                  <div class="stack-trace">org.openqa.selenium.TimeoutException: Expected condition failed: waiting for visibility of Proxy element for: DefaultElementLocator &apos;By.xpath: //input[@id=&apos;add-to-cart-button&apos;]&apos; (tried for 30 second(s) with 500 milliseconds interval)
	at org.openqa.selenium.support.ui.WebDriverWait.timeoutException(WebDriverWait.java:95)
	at org.openqa.selenium.support.ui.FluentWait.until(FluentWait.java:272)
	at com.amazonAutomationFramework.pages.homePage.addtoCartAProduct(homePage.java:98)
	at com.amazonAutomationFramework.TestPackage.addProductToCart.productAddtoCartTest(addProductToCart.java:56)
Caused by: org.openqa.selenium.NoSuchElementException: no such element: Unable to locate element: {&quot;method&quot;:&quot;xpath&quot;,&quot;selector&quot;:&quot;//input[@id=&apos;add-to-cart-button&apos;]&quot;}
  (Session info: chrome=81.0.4044.92)
For documentation on this error, please visit: https://www.seleniumhq.org/exceptions/no_such_element.html
Build info: version: &apos;3.141.59&apos;, revision: &apos;e82be7d358&apos;, time: &apos;2018-11-14T08:17:03&apos;
System info: host: &apos;ANILKUMAR06&apos;, ip: &apos;192.168.43.62&apos;, os.name: &apos;Windows 10&apos;, os.arch: &apos;amd64&apos;, os.version: &apos;10.0&apos;, java.version: &apos;1.8.0_221&apos;
Driver info: org.openqa.selenium.chrome.ChromeDriver
Capabilities {acceptInsecureCerts: false, browserName: chrome, browserVersion: 81.0.4044.92, chrome: {chromedriverVersion: 81.0.4044.69 (6813546031a4b..., userDataDir: C:\Users\ANILKU~1\AppData\L...}, goog:chromeOptions: {debuggerAddress: localhost:55132}, javascriptEnabled: true, networkConnectionEnabled: false, pageLoadStrategy: none, platform: WINDOWS, platformName: WINDOWS, proxy: Proxy(), setWindowRect: true, strictFileInteractability: false, timeouts: {implicit: 0, pageLoad: 300000, script: 30000}, unhandledPromptBehavior: dismiss and notify, webauthn:virtualAuthenticators: true}
Session ID: ca16c5259e9c276342682aa98fea573d
*** Element info: {Using=xpath, value=//input[@id=&apos;add-to-cart-button&apos;]}
	at org.openqa.selenium.remote.http.W3CHttpResponseCodec.createException(W3CHttpResponseCodec.java:187)
	at org.openqa.selenium.remote.http.W3CHttpResponseCodec.decode(W3CHttpResponseCodec.java:122)
	at org.openqa.selenium.remote.http.W3CHttpResponseCodec.decode(W3CHttpResponseCodec.java:49)
	at org.openqa.selenium.remote.HttpCommandExecutor.execute(HttpCommandExecutor.java:158)
	at org.openqa.selenium.remote.service.DriverCommandExecutor.execute(DriverCommandExecutor.java:83)
	at org.openqa.selenium.remote.RemoteWebDriver.execute(RemoteWebDriver.java:552)
	at org.openqa.selenium.remote.RemoteWebDriver.findElement(RemoteWebDriver.java:323)
	at org.openqa.selenium.remote.RemoteWebDriver.findElementByXPath(RemoteWebDriver.java:428)
	at org.openqa.selenium.By$ByXPath.findElement(By.java:353)
	at org.openqa.selenium.remote.RemoteWebDriver.findElement(RemoteWebDriver.java:315)
	at org.openqa.selenium.support.pagefactory.DefaultElementLocator.findElement(DefaultElementLocator.java:69)
	at org.openqa.selenium.support.pagefactory.internal.LocatingElementHandler.invoke(LocatingElementHandler.java:38)
	at com.sun.proxy.$Proxy10.isDisplayed(Unknown Source)
	at org.openqa.selenium.support.ui.ExpectedConditions.elementIfVisible(ExpectedConditions.java:314)
	at org.openqa.selenium.support.ui.ExpectedConditions.access$000(ExpectedConditions.java:43)
	at org.openqa.selenium.support.ui.ExpectedConditions$10.apply(ExpectedConditions.java:300)
	at org.openqa.selenium.support.ui.ExpectedConditions$10.apply(ExpectedConditions.java:297)
	at org.openqa.selenium.support.ui.FluentWait.until(FluentWait.java:249)
	... 26 more
... Removed 28 stack frames
</div> <!-- stack-trace -->
                </div> <!-- method-content -->
              </div> <!-- method -->
            </div> <!-- main-panel-content rounded-window-bottom -->
          </div> <!-- suite-AmazonAutomationSuite-class-failed -->
          <div class="suite-AmazonAutomationSuite-class-failed">
            <div class="main-panel-header rounded-window-top">
              <img src="failed.png"/>
              <span class="class-name">com.amazonAutomationFramework.TestPackage.couponSort</span>
            </div> <!-- main-panel-header rounded-window-top -->
            <div class="main-panel-content rounded-window-bottom">
              <div class="method">
                <div class="method-content">
                  <a name="couponSortTest({sortText=Oldest, Runmode=Y})">
                  </a> <!-- couponSortTest({sortText=Oldest, Runmode=Y}) -->
                  <span class="method-name">couponSortTest</span>
                  <span class="parameters">({sortText=Oldest, Runmode=Y})</span>
                  <div class="stack-trace">org.openqa.selenium.TimeoutException: Expected condition failed: waiting for element to be clickable: Proxy element for: DefaultElementLocator &apos;By.xpath: //div[@id=&apos;nav-xshop&apos;]//a[text()=&apos;Coupons&apos;]&apos; (tried for 40 second(s) with 500 milliseconds interval)
	at org.openqa.selenium.support.ui.WebDriverWait.timeoutException(WebDriverWait.java:95)
	at org.openqa.selenium.support.ui.FluentWait.until(FluentWait.java:272)
	at com.amazonAutomationFramework.pages.couponsPage.couponsSort(couponsPage.java:52)
	at com.amazonAutomationFramework.TestPackage.couponSort.couponSortTest(couponSort.java:58)
Caused by: org.openqa.selenium.NoSuchElementException: no such element: Unable to locate element: {&quot;method&quot;:&quot;xpath&quot;,&quot;selector&quot;:&quot;//div[@id=&apos;nav-xshop&apos;]//a[text()=&apos;Coupons&apos;]&quot;}
  (Session info: chrome=81.0.4044.92)
For documentation on this error, please visit: https://www.seleniumhq.org/exceptions/no_such_element.html
Build info: version: &apos;3.141.59&apos;, revision: &apos;e82be7d358&apos;, time: &apos;2018-11-14T08:17:03&apos;
System info: host: &apos;ANILKUMAR06&apos;, ip: &apos;192.168.43.62&apos;, os.name: &apos;Windows 10&apos;, os.arch: &apos;amd64&apos;, os.version: &apos;10.0&apos;, java.version: &apos;1.8.0_221&apos;
Driver info: org.openqa.selenium.chrome.ChromeDriver
Capabilities {acceptInsecureCerts: false, browserName: chrome, browserVersion: 81.0.4044.92, chrome: {chromedriverVersion: 81.0.4044.69 (6813546031a4b..., userDataDir: C:\Users\ANILKU~1\AppData\L...}, goog:chromeOptions: {debuggerAddress: localhost:63184}, javascriptEnabled: true, networkConnectionEnabled: false, pageLoadStrategy: none, platform: WINDOWS, platformName: WINDOWS, proxy: Proxy(), setWindowRect: true, strictFileInteractability: false, timeouts: {implicit: 0, pageLoad: 300000, script: 30000}, unhandledPromptBehavior: dismiss and notify, webauthn:virtualAuthenticators: true}
Session ID: 22f540c53dd0b86dab6c9cb775c7e6d9
*** Element info: {Using=xpath, value=//div[@id=&apos;nav-xshop&apos;]//a[text()=&apos;Coupons&apos;]}
	at org.openqa.selenium.remote.http.W3CHttpResponseCodec.createException(W3CHttpResponseCodec.java:187)
	at org.openqa.selenium.remote.http.W3CHttpResponseCodec.decode(W3CHttpResponseCodec.java:122)
	at org.openqa.selenium.remote.http.W3CHttpResponseCodec.decode(W3CHttpResponseCodec.java:49)
	at org.openqa.selenium.remote.HttpCommandExecutor.execute(HttpCommandExecutor.java:158)
	at org.openqa.selenium.remote.service.DriverCommandExecutor.execute(DriverCommandExecutor.java:83)
	at org.openqa.selenium.remote.RemoteWebDriver.execute(RemoteWebDriver.java:552)
	at org.openqa.selenium.remote.RemoteWebDriver.findElement(RemoteWebDriver.java:323)
	at org.openqa.selenium.remote.RemoteWebDriver.findElementByXPath(RemoteWebDriver.java:428)
	at org.openqa.selenium.By$ByXPath.findElement(By.java:353)
	at org.openqa.selenium.remote.RemoteWebDriver.findElement(RemoteWebDriver.java:315)
	at org.openqa.selenium.support.pagefactory.DefaultElementLocator.findElement(DefaultElementLocator.java:69)
	at org.openqa.selenium.support.pagefactory.internal.LocatingElementHandler.invoke(LocatingElementHandler.java:38)
	at com.sun.proxy.$Proxy10.isDisplayed(Unknown Source)
	at org.openqa.selenium.support.ui.ExpectedConditions.elementIfVisible(ExpectedConditions.java:314)
	at org.openqa.selenium.support.ui.ExpectedConditions.access$000(ExpectedConditions.java:43)
	at org.openqa.selenium.support.ui.ExpectedConditions$10.apply(ExpectedConditions.java:300)
	at org.openqa.selenium.support.ui.ExpectedConditions$10.apply(ExpectedConditions.java:297)
	at org.openqa.selenium.support.ui.ExpectedConditions$23.apply(ExpectedConditions.java:670)
	at org.openqa.selenium.support.ui.ExpectedConditions$23.apply(ExpectedConditions.java:666)
	at org.openqa.selenium.support.ui.FluentWait.until(FluentWait.java:249)
	... 26 more
... Removed 28 stack frames
</div> <!-- stack-trace -->
                </div> <!-- method-content -->
              </div> <!-- method -->
            </div> <!-- main-panel-content rounded-window-bottom -->
          </div> <!-- suite-AmazonAutomationSuite-class-failed -->
          <div class="suite-AmazonAutomationSuite-class-failed">
            <div class="main-panel-header rounded-window-top">
              <img src="failed.png"/>
              <span class="class-name">com.amazonAutomationFramework.TestPackage.couponsCategory</span>
            </div> <!-- main-panel-header rounded-window-top -->
            <div class="main-panel-content rounded-window-bottom">
              <div class="method">
                <div class="method-content">
                  <a name="couponCategoryTest({categoryText=Watches, Runmode=Y})">
                  </a> <!-- couponCategoryTest({categoryText=Watches, Runmode=Y}) -->
                  <span class="method-name">couponCategoryTest</span>
                  <span class="parameters">({categoryText=Watches, Runmode=Y})</span>
                  <div class="stack-trace">org.openqa.selenium.TimeoutException: Expected condition failed: waiting for element to be clickable: Proxy element for: DefaultElementLocator &apos;By.xpath: //div[@id=&apos;nav-xshop&apos;]//a[text()=&apos;Coupons&apos;]&apos; (tried for 30 second(s) with 500 milliseconds interval)
	at org.openqa.selenium.support.ui.WebDriverWait.timeoutException(WebDriverWait.java:95)
	at org.openqa.selenium.support.ui.FluentWait.until(FluentWait.java:272)
	at com.amazonAutomationFramework.pages.couponsPage.selectCouponsCategory(couponsPage.java:65)
	at com.amazonAutomationFramework.TestPackage.couponsCategory.couponCategoryTest(couponsCategory.java:56)
Caused by: org.openqa.selenium.NoSuchElementException: no such element: Unable to locate element: {&quot;method&quot;:&quot;xpath&quot;,&quot;selector&quot;:&quot;//div[@id=&apos;nav-xshop&apos;]//a[text()=&apos;Coupons&apos;]&quot;}
  (Session info: chrome=81.0.4044.92)
For documentation on this error, please visit: https://www.seleniumhq.org/exceptions/no_such_element.html
Build info: version: &apos;3.141.59&apos;, revision: &apos;e82be7d358&apos;, time: &apos;2018-11-14T08:17:03&apos;
System info: host: &apos;ANILKUMAR06&apos;, ip: &apos;192.168.43.62&apos;, os.name: &apos;Windows 10&apos;, os.arch: &apos;amd64&apos;, os.version: &apos;10.0&apos;, java.version: &apos;1.8.0_221&apos;
Driver info: org.openqa.selenium.chrome.ChromeDriver
Capabilities {acceptInsecureCerts: false, browserName: chrome, browserVersion: 81.0.4044.92, chrome: {chromedriverVersion: 81.0.4044.69 (6813546031a4b..., userDataDir: C:\Users\ANILKU~1\AppData\L...}, goog:chromeOptions: {debuggerAddress: localhost:62950}, javascriptEnabled: true, networkConnectionEnabled: false, pageLoadStrategy: none, platform: WINDOWS, platformName: WINDOWS, proxy: Proxy(), setWindowRect: true, strictFileInteractability: false, timeouts: {implicit: 0, pageLoad: 300000, script: 30000}, unhandledPromptBehavior: dismiss and notify, webauthn:virtualAuthenticators: true}
Session ID: fc4fe212900bc6f4e88feafc7e61e066
*** Element info: {Using=xpath, value=//div[@id=&apos;nav-xshop&apos;]//a[text()=&apos;Coupons&apos;]}
	at org.openqa.selenium.remote.http.W3CHttpResponseCodec.createException(W3CHttpResponseCodec.java:187)
	at org.openqa.selenium.remote.http.W3CHttpResponseCodec.decode(W3CHttpResponseCodec.java:122)
	at org.openqa.selenium.remote.http.W3CHttpResponseCodec.decode(W3CHttpResponseCodec.java:49)
	at org.openqa.selenium.remote.HttpCommandExecutor.execute(HttpCommandExecutor.java:158)
	at org.openqa.selenium.remote.service.DriverCommandExecutor.execute(DriverCommandExecutor.java:83)
	at org.openqa.selenium.remote.RemoteWebDriver.execute(RemoteWebDriver.java:552)
	at org.openqa.selenium.remote.RemoteWebDriver.findElement(RemoteWebDriver.java:323)
	at org.openqa.selenium.remote.RemoteWebDriver.findElementByXPath(RemoteWebDriver.java:428)
	at org.openqa.selenium.By$ByXPath.findElement(By.java:353)
	at org.openqa.selenium.remote.RemoteWebDriver.findElement(RemoteWebDriver.java:315)
	at org.openqa.selenium.support.pagefactory.DefaultElementLocator.findElement(DefaultElementLocator.java:69)
	at org.openqa.selenium.support.pagefactory.internal.LocatingElementHandler.invoke(LocatingElementHandler.java:38)
	at com.sun.proxy.$Proxy10.isDisplayed(Unknown Source)
	at org.openqa.selenium.support.ui.ExpectedConditions.elementIfVisible(ExpectedConditions.java:314)
	at org.openqa.selenium.support.ui.ExpectedConditions.access$000(ExpectedConditions.java:43)
	at org.openqa.selenium.support.ui.ExpectedConditions$10.apply(ExpectedConditions.java:300)
	at org.openqa.selenium.support.ui.ExpectedConditions$10.apply(ExpectedConditions.java:297)
	at org.openqa.selenium.support.ui.ExpectedConditions$23.apply(ExpectedConditions.java:670)
	at org.openqa.selenium.support.ui.ExpectedConditions$23.apply(ExpectedConditions.java:666)
	at org.openqa.selenium.support.ui.FluentWait.until(FluentWait.java:249)
	... 26 more
... Removed 28 stack frames
</div> <!-- stack-trace -->
                </div> <!-- method-content -->
              </div> <!-- method -->
            </div> <!-- main-panel-content rounded-window-bottom -->
          </div> <!-- suite-AmazonAutomationSuite-class-failed -->
          <div class="suite-AmazonAutomationSuite-class-failed">
            <div class="main-panel-header rounded-window-top">
              <img src="failed.png"/>
              <span class="class-name">com.amazonAutomationFramework.TestPackage.searchByCategory</span>
            </div> <!-- main-panel-header rounded-window-top -->
            <div class="main-panel-content rounded-window-bottom">
              <div class="method">
                <div class="method-content">
                  <a name="categorySelectTest({Runmode=Y, categoryName=Watches})">
                  </a> <!-- categorySelectTest({Runmode=Y, categoryName=Watches}) -->
                  <span class="method-name">categorySelectTest</span>
                  <span class="parameters">({Runmode=Y, categoryName=Watches})</span>
                  <div class="stack-trace">org.openqa.selenium.TimeoutException: Expected condition failed: waiting for element to be clickable: Proxy element for: DefaultElementLocator &apos;By.xpath: //form[@class=&apos;nav-searchbar&apos;]//input[@type=&apos;submit&apos;]&apos; (tried for 40 second(s) with 500 milliseconds interval)
	at org.openqa.selenium.support.ui.WebDriverWait.timeoutException(WebDriverWait.java:95)
	at org.openqa.selenium.support.ui.FluentWait.until(FluentWait.java:272)
	at com.amazonAutomationFramework.pages.homePage.selectCategory(homePage.java:62)
	at com.amazonAutomationFramework.TestPackage.searchByCategory.categorySelectTest(searchByCategory.java:55)
Caused by: org.openqa.selenium.NoSuchElementException: no such element: Unable to locate element: {&quot;method&quot;:&quot;xpath&quot;,&quot;selector&quot;:&quot;//form[@class=&apos;nav-searchbar&apos;]//input[@type=&apos;submit&apos;]&quot;}
  (Session info: chrome=81.0.4044.92)
For documentation on this error, please visit: https://www.seleniumhq.org/exceptions/no_such_element.html
Build info: version: &apos;3.141.59&apos;, revision: &apos;e82be7d358&apos;, time: &apos;2018-11-14T08:17:03&apos;
System info: host: &apos;ANILKUMAR06&apos;, ip: &apos;192.168.43.62&apos;, os.name: &apos;Windows 10&apos;, os.arch: &apos;amd64&apos;, os.version: &apos;10.0&apos;, java.version: &apos;1.8.0_221&apos;
Driver info: org.openqa.selenium.chrome.ChromeDriver
Capabilities {acceptInsecureCerts: false, browserName: chrome, browserVersion: 81.0.4044.92, chrome: {chromedriverVersion: 81.0.4044.69 (6813546031a4b..., userDataDir: C:\Users\ANILKU~1\AppData\L...}, goog:chromeOptions: {debuggerAddress: localhost:63446}, javascriptEnabled: true, networkConnectionEnabled: false, pageLoadStrategy: none, platform: WINDOWS, platformName: WINDOWS, proxy: Proxy(), setWindowRect: true, strictFileInteractability: false, timeouts: {implicit: 0, pageLoad: 300000, script: 30000}, unhandledPromptBehavior: dismiss and notify, webauthn:virtualAuthenticators: true}
Session ID: 55f58eb83333a57fe92b7e0fbe1a0a67
*** Element info: {Using=xpath, value=//form[@class=&apos;nav-searchbar&apos;]//input[@type=&apos;submit&apos;]}
	at org.openqa.selenium.remote.http.W3CHttpResponseCodec.createException(W3CHttpResponseCodec.java:187)
	at org.openqa.selenium.remote.http.W3CHttpResponseCodec.decode(W3CHttpResponseCodec.java:122)
	at org.openqa.selenium.remote.http.W3CHttpResponseCodec.decode(W3CHttpResponseCodec.java:49)
	at org.openqa.selenium.remote.HttpCommandExecutor.execute(HttpCommandExecutor.java:158)
	at org.openqa.selenium.remote.service.DriverCommandExecutor.execute(DriverCommandExecutor.java:83)
	at org.openqa.selenium.remote.RemoteWebDriver.execute(RemoteWebDriver.java:552)
	at org.openqa.selenium.remote.RemoteWebDriver.findElement(RemoteWebDriver.java:323)
	at org.openqa.selenium.remote.RemoteWebDriver.findElementByXPath(RemoteWebDriver.java:428)
	at org.openqa.selenium.By$ByXPath.findElement(By.java:353)
	at org.openqa.selenium.remote.RemoteWebDriver.findElement(RemoteWebDriver.java:315)
	at org.openqa.selenium.support.pagefactory.DefaultElementLocator.findElement(DefaultElementLocator.java:69)
	at org.openqa.selenium.support.pagefactory.internal.LocatingElementHandler.invoke(LocatingElementHandler.java:38)
	at com.sun.proxy.$Proxy10.isDisplayed(Unknown Source)
	at org.openqa.selenium.support.ui.ExpectedConditions.elementIfVisible(ExpectedConditions.java:314)
	at org.openqa.selenium.support.ui.ExpectedConditions.access$000(ExpectedConditions.java:43)
	at org.openqa.selenium.support.ui.ExpectedConditions$10.apply(ExpectedConditions.java:300)
	at org.openqa.selenium.support.ui.ExpectedConditions$10.apply(ExpectedConditions.java:297)
	at org.openqa.selenium.support.ui.ExpectedConditions$23.apply(ExpectedConditions.java:670)
	at org.openqa.selenium.support.ui.ExpectedConditions$23.apply(ExpectedConditions.java:666)
	at org.openqa.selenium.support.ui.FluentWait.until(FluentWait.java:249)
	... 26 more
... Removed 28 stack frames
</div> <!-- stack-trace -->
                </div> <!-- method-content -->
              </div> <!-- method -->
            </div> <!-- main-panel-content rounded-window-bottom -->
          </div> <!-- suite-AmazonAutomationSuite-class-failed -->
          <div class="suite-AmazonAutomationSuite-class-skipped">
            <div class="main-panel-header rounded-window-top">
              <img src="skipped.png"/>
              <span class="class-name">com.amazonAutomationFramework.TestPackage.amazonLoginValidUser</span>
            </div> <!-- main-panel-header rounded-window-top -->
            <div class="main-panel-content rounded-window-bottom">
              <div class="method">
                <div class="method-content">
                  <a name="validUserLoginLogoutTest({UID=anilyadav106@gmail.com, PWD=Ndae10606, Runmode=Y})">
                  </a> <!-- validUserLoginLogoutTest({UID=anilyadav106@gmail.com, PWD=Ndae10606, Runmode=Y}) -->
                  <span class="method-name">validUserLoginLogoutTest</span>
                  <span class="parameters">({UID=anilyadav106@gmail.com, PWD=Ndae10606, Runmode=Y})</span>
                  <div class="stack-trace">org.testng.SkipException: Skipping the test as amazon has deducted automated login, try login later
	at com.amazonAutomationFramework.TestPackage.amazonLoginValidUser.validUserLoginLogoutTest(amazonLoginValidUser.java:62)
... Removed 24 stack frames
</div> <!-- stack-trace -->
                </div> <!-- method-content -->
              </div> <!-- method -->
            </div> <!-- main-panel-content rounded-window-bottom -->
          </div> <!-- suite-AmazonAutomationSuite-class-skipped -->
          <div class="suite-AmazonAutomationSuite-class-skipped">
            <div class="main-panel-header rounded-window-top">
              <img src="skipped.png"/>
              <span class="class-name">com.amazonAutomationFramework.TestPackage.amazonLoginInvalidUser</span>
            </div> <!-- main-panel-header rounded-window-top -->
            <div class="main-panel-content rounded-window-bottom">
              <div class="method">
                <div class="method-content">
                  <a name="invalidUserLoginTest({UID=anilyadav106@gmail.com, PWD=invalidpassword, Runmode=Y})">
                  </a> <!-- invalidUserLoginTest({UID=anilyadav106@gmail.com, PWD=invalidpassword, Runmode=Y}) -->
                  <span class="method-name">invalidUserLoginTest</span>
                  <span class="parameters">({UID=anilyadav106@gmail.com, PWD=invalidpassword, Runmode=Y})</span>
                  <div class="stack-trace">org.testng.SkipException: Skipping the test as amazon has deducted automated login, try login later
	at com.amazonAutomationFramework.TestPackage.amazonLoginInvalidUser.invalidUserLoginTest(amazonLoginInvalidUser.java:62)
... Removed 24 stack frames
</div> <!-- stack-trace -->
                </div> <!-- method-content -->
              </div> <!-- method -->
            </div> <!-- main-panel-content rounded-window-bottom -->
          </div> <!-- suite-AmazonAutomationSuite-class-skipped -->
        </div> <!-- panel AmazonAutomationSuite -->
        <div panel-name="test-xml-AmazonAutomationSuite" class="panel">
          <div class="main-panel-header rounded-window-top">
            <span class="header-content">C:\Users\anilkumar06\workspace\AmazonAutomation\testng.xml</span>
          </div> <!-- main-panel-header rounded-window-top -->
          <div class="main-panel-content rounded-window-bottom">
            <pre>
&lt;?xml version=&quot;1.0&quot; encoding=&quot;UTF-8&quot;?&gt;
&lt;!DOCTYPE suite SYSTEM &quot;http://testng.org/testng-1.0.dtd&quot;&gt;
&lt;suite guice-stage=&quot;DEVELOPMENT&quot; name=&quot;AmazonAutomationSuite&quot;&gt;
  &lt;listeners&gt;
    &lt;listener class-name=&quot;com.amazonAutomationFramework.customlisterns.ExtentListeners&quot;/&gt;
  &lt;/listeners&gt;
  &lt;test name=&quot;loginTestValidUser&quot;&gt;
    &lt;classes&gt;
      &lt;class name=&quot;com.amazonAutomationFramework.TestPackage.amazonLoginValidUser&quot;/&gt;
    &lt;/classes&gt;
  &lt;/test&gt; &lt;!-- loginTestValidUser --&gt;
  &lt;test name=&quot;loginTestInnalidUser&quot;&gt;
    &lt;classes&gt;
      &lt;class name=&quot;com.amazonAutomationFramework.TestPackage.amazonLoginInvalidUser&quot;/&gt;
    &lt;/classes&gt;
  &lt;/test&gt; &lt;!-- loginTestInnalidUser --&gt;
  &lt;test name=&quot;couponsCategoryTest&quot;&gt;
    &lt;classes&gt;
      &lt;class name=&quot;com.amazonAutomationFramework.TestPackage.couponsCategory&quot;/&gt;
    &lt;/classes&gt;
  &lt;/test&gt; &lt;!-- couponsCategoryTest --&gt;
  &lt;test name=&quot;CouponsSortTest&quot;&gt;
    &lt;classes&gt;
      &lt;class name=&quot;com.amazonAutomationFramework.TestPackage.couponSort&quot;/&gt;
    &lt;/classes&gt;
  &lt;/test&gt; &lt;!-- CouponsSortTest --&gt;
  &lt;test name=&quot;SearchByCategoryTest&quot;&gt;
    &lt;classes&gt;
      &lt;class name=&quot;com.amazonAutomationFramework.TestPackage.searchByCategory&quot;/&gt;
    &lt;/classes&gt;
  &lt;/test&gt; &lt;!-- SearchByCategoryTest --&gt;
  &lt;test name=&quot;addToCartTest&quot;&gt;
    &lt;classes&gt;
      &lt;class name=&quot;com.amazonAutomationFramework.TestPackage.addProductToCart&quot;/&gt;
    &lt;/classes&gt;
  &lt;/test&gt; &lt;!-- addToCartTest --&gt;
&lt;/suite&gt; &lt;!-- AmazonAutomationSuite --&gt;
            </pre>
          </div> <!-- main-panel-content rounded-window-bottom -->
        </div> <!-- panel -->
        <div panel-name="testlist-AmazonAutomationSuite" class="panel">
          <div class="main-panel-header rounded-window-top">
            <span class="header-content">Tests for AmazonAutomationSuite</span>
          </div> <!-- main-panel-header rounded-window-top -->
          <div class="main-panel-content rounded-window-bottom">
            <ul>
              <li>
                <span class="test-name">loginTestValidUser (1 class)</span>
              </li>
              <li>
                <span class="test-name">loginTestInnalidUser (1 class)</span>
              </li>
              <li>
                <span class="test-name">couponsCategoryTest (1 class)</span>
              </li>
              <li>
                <span class="test-name">CouponsSortTest (1 class)</span>
              </li>
              <li>
                <span class="test-name">SearchByCategoryTest (1 class)</span>
              </li>
              <li>
                <span class="test-name">addToCartTest (1 class)</span>
              </li>
            </ul>
          </div> <!-- main-panel-content rounded-window-bottom -->
        </div> <!-- panel -->
        <div panel-name="group-AmazonAutomationSuite" class="panel">
          <div class="main-panel-header rounded-window-top">
            <span class="header-content">Groups for AmazonAutomationSuite</span>
          </div> <!-- main-panel-header rounded-window-top -->
          <div class="main-panel-content rounded-window-bottom">
            <div class="test-group">
              <span class="test-group-name">sanity</span>
              <br/>
              <div class="method-in-group">
                <span class="method-in-group-name">categorySelectTest</span>
                <br/>
              </div> <!-- method-in-group -->
              <div class="method-in-group">
                <span class="method-in-group-name">productAddtoCartTest</span>
                <br/>
              </div> <!-- method-in-group -->
            </div> <!-- test-group -->
            <div class="test-group">
              <span class="test-group-name">smoke</span>
              <br/>
              <div class="method-in-group">
                <span class="method-in-group-name">invalidUserLoginTest</span>
                <br/>
              </div> <!-- method-in-group -->
              <div class="method-in-group">
                <span class="method-in-group-name">validUserLoginLogoutTest</span>
                <br/>
              </div> <!-- method-in-group -->
            </div> <!-- test-group -->
          </div> <!-- main-panel-content rounded-window-bottom -->
        </div> <!-- panel -->
        <div panel-name="times-AmazonAutomationSuite" class="panel">
          <div class="main-panel-header rounded-window-top">
            <span class="header-content">Times for AmazonAutomationSuite</span>
          </div> <!-- main-panel-header rounded-window-top -->
          <div class="main-panel-content rounded-window-bottom">
            <div class="times-div">
              <script type="text/javascript">
suiteTableInitFunctions.push('tableData_AmazonAutomationSuite');
function tableData_AmazonAutomationSuite() {
var data = new google.visualization.DataTable();
data.addColumn('number', 'Number');
data.addColumn('string', 'Method');
data.addColumn('string', 'Class');
data.addColumn('number', 'Time (ms)');
data.addRows(7);
data.setCell(0, 0, 0)
data.setCell(0, 1, 'categorySelectTest')
data.setCell(0, 2, 'com.amazonAutomationFramework.TestPackage.searchByCategory')
data.setCell(0, 3, 66284);
data.setCell(1, 0, 1)
data.setCell(1, 1, 'couponSortTest')
data.setCell(1, 2, 'com.amazonAutomationFramework.TestPackage.couponSort')
data.setCell(1, 3, 61258);
data.setCell(2, 0, 2)
data.setCell(2, 1, 'productAddtoCartTest')
data.setCell(2, 2, 'com.amazonAutomationFramework.TestPackage.addProductToCart')
data.setCell(2, 3, 56108);
data.setCell(3, 0, 3)
data.setCell(3, 1, 'productAddtoCartTest')
data.setCell(3, 2, 'com.amazonAutomationFramework.TestPackage.addProductToCart')
data.setCell(3, 3, 55144);
data.setCell(4, 0, 4)
data.setCell(4, 1, 'couponCategoryTest')
data.setCell(4, 2, 'com.amazonAutomationFramework.TestPackage.couponsCategory')
data.setCell(4, 3, 45692);
data.setCell(5, 0, 5)
data.setCell(5, 1, 'invalidUserLoginTest')
data.setCell(5, 2, 'com.amazonAutomationFramework.TestPackage.amazonLoginInvalidUser')
data.setCell(5, 3, 11023);
data.setCell(6, 0, 6)
data.setCell(6, 1, 'validUserLoginLogoutTest')
data.setCell(6, 2, 'com.amazonAutomationFramework.TestPackage.amazonLoginValidUser')
data.setCell(6, 3, 8052);
window.suiteTableData['AmazonAutomationSuite']= { tableData: data, tableDiv: 'times-div-AmazonAutomationSuite'}
return data;
}
              </script>
              <span class="suite-total-time">Total running time: 5 minutes</span>
              <div id="times-div-AmazonAutomationSuite">
              </div> <!-- times-div-AmazonAutomationSuite -->
            </div> <!-- times-div -->
          </div> <!-- main-panel-content rounded-window-bottom -->
        </div> <!-- panel -->
        <div panel-name="reporter-AmazonAutomationSuite" class="panel">
          <div class="main-panel-header rounded-window-top">
            <span class="header-content">Reporter output for AmazonAutomationSuite</span>
          </div> <!-- main-panel-header rounded-window-top -->
          <div class="main-panel-content rounded-window-bottom">
          </div> <!-- main-panel-content rounded-window-bottom -->
        </div> <!-- panel -->
        <div panel-name="ignored-methods-AmazonAutomationSuite" class="panel">
          <div class="main-panel-header rounded-window-top">
            <span class="header-content">0 ignored methods</span>
          </div> <!-- main-panel-header rounded-window-top -->
          <div class="main-panel-content rounded-window-bottom">
          </div> <!-- main-panel-content rounded-window-bottom -->
        </div> <!-- panel -->
        <div panel-name="chronological-AmazonAutomationSuite" class="panel">
          <div class="main-panel-header rounded-window-top">
            <span class="header-content">Methods in chronological order</span>
          </div> <!-- main-panel-header rounded-window-top -->
          <div class="main-panel-content rounded-window-bottom">
            <div class="chronological-class">
              <div class="chronological-class-name">com.amazonAutomationFramework.TestPackage.amazonLoginValidUser</div> <!-- chronological-class-name -->
              <div class="configuration-test before">
                <span class="method-name">beforeMethodSetup</span>
                <span class="method-start">0 ms</span>
              </div> <!-- configuration-test before -->
              <div class="test-method">
                <span class="method-name">validUserLoginLogoutTest({UID=anilyadav106@gmail.com, PWD=Ndae10606, Runmode=Y})</span>
                <span class="method-start">11952 ms</span>
              </div> <!-- test-method -->
              <div class="configuration-test after">
                <span class="method-name">afterMethodTearDown</span>
                <span class="method-start">20010 ms</span>
              </div> <!-- configuration-test after -->
            </div> <!-- chronological-class -->
            <div class="chronological-class">
              <div class="chronological-class-name">com.amazonAutomationFramework.TestPackage.amazonLoginInvalidUser</div> <!-- chronological-class-name -->
              <div class="configuration-test before">
                <span class="method-name">beforeMethodSetup</span>
                <span class="method-start">21340 ms</span>
              </div> <!-- configuration-test before -->
              <div class="test-method">
                <span class="method-name">invalidUserLoginTest({UID=anilyadav106@gmail.com, PWD=invalidpassword, Runmode=Y})</span>
                <span class="method-start">29498 ms</span>
              </div> <!-- test-method -->
              <div class="configuration-test after">
                <span class="method-name">afterMethodTearDown</span>
                <span class="method-start">40524 ms</span>
              </div> <!-- configuration-test after -->
            </div> <!-- chronological-class -->
            <div class="chronological-class">
              <div class="chronological-class-name">com.amazonAutomationFramework.TestPackage.couponsCategory</div> <!-- chronological-class-name -->
              <div class="configuration-test before">
                <span class="method-name">testSetup</span>
                <span class="method-start">41000 ms</span>
              </div> <!-- configuration-test before -->
              <div class="test-method">
                <img src="failed.png">
                </img>
                <span class="method-name">couponCategoryTest({categoryText=Watches, Runmode=Y})</span>
                <span class="method-start">51613 ms</span>
              </div> <!-- test-method -->
              <div class="configuration-test after">
                <span class="method-name">afterMethodTearDown</span>
                <span class="method-start">98448 ms</span>
              </div> <!-- configuration-test after -->
            </div> <!-- chronological-class -->
            <div class="chronological-class">
              <div class="chronological-class-name">com.amazonAutomationFramework.TestPackage.couponSort</div> <!-- chronological-class-name -->
              <div class="configuration-test before">
                <span class="method-name">testSetup</span>
                <span class="method-start">101305 ms</span>
              </div> <!-- configuration-test before -->
              <div class="test-method">
                <img src="failed.png">
                </img>
                <span class="method-name">couponSortTest({sortText=Oldest, Runmode=Y})</span>
                <span class="method-start">110458 ms</span>
              </div> <!-- test-method -->
              <div class="configuration-test after">
                <span class="method-name">afterMethodTearDown</span>
                <span class="method-start">172737 ms</span>
              </div> <!-- configuration-test after -->
            </div> <!-- chronological-class -->
            <div class="chronological-class">
              <div class="chronological-class-name">com.amazonAutomationFramework.TestPackage.searchByCategory</div> <!-- chronological-class-name -->
              <div class="configuration-test before">
                <span class="method-name">testSetup</span>
                <span class="method-start">175397 ms</span>
              </div> <!-- configuration-test before -->
              <div class="test-method">
                <img src="failed.png">
                </img>
                <span class="method-name">categorySelectTest({Runmode=Y, categoryName=Watches})</span>
                <span class="method-start">183174 ms</span>
              </div> <!-- test-method -->
              <div class="configuration-test after">
                <span class="method-name">afterMethodTearDown</span>
                <span class="method-start">250567 ms</span>
              </div> <!-- configuration-test after -->
            </div> <!-- chronological-class -->
            <div class="chronological-class">
              <div class="chronological-class-name">com.amazonAutomationFramework.TestPackage.addProductToCart</div> <!-- chronological-class-name -->
              <div class="configuration-method before">
                <span class="method-name">testSetup</span>
                <span class="method-start">253420 ms</span>
              </div> <!-- configuration-method before -->
              <div class="test-method">
                <img src="failed.png">
                </img>
                <span class="method-name">productAddtoCartTest({Runmode=Y, productName=boAt BassHeads 100 in-Ear Headphones with Mic (Black)})</span>
                <span class="method-start">265155 ms</span>
              </div> <!-- test-method -->
              <div class="configuration-method after">
                <span class="method-name">afterMethodTearDown</span>
                <span class="method-start">322139 ms</span>
              </div> <!-- configuration-method after -->
              <div class="configuration-method before">
                <span class="method-name">testSetup</span>
                <span class="method-start">323550 ms</span>
              </div> <!-- configuration-method before -->
              <div class="test-method">
                <img src="failed.png">
                </img>
                <span class="method-name">productAddtoCartTest({Runmode=Y, productName=boAt BassHeads 100 in-Ear Headphones with Mic (White)})</span>
                <span class="method-start">333477 ms</span>
              </div> <!-- test-method -->
              <div class="configuration-method after">
                <span class="method-name">afterMethodTearDown</span>
                <span class="method-start">389482 ms</span>
              </div> <!-- configuration-method after -->
          </div> <!-- main-panel-content rounded-window-bottom -->
        </div> <!-- panel -->
      </div> <!-- main-panel-root -->
    </div> <!-- wrapper -->
  </body>
</html>
