<?xml version="1.0" encoding="UTF-8"?>
<!-- Generated by org.testng.reporters.JUnitReportReporter -->
<testsuite hostname="anilkumar06" name="com.amazonAutomationFramework.TestPackage.amazonLoginInvalidUser" tests="1" failures="0" timestamp="11 Apr 2020 12:15:01 GMT" time="0.001" errors="1">
  <testcase name="invalidUserLoginTest" time="0.001" classname="com.amazonAutomationFramework.TestPackage.amazonLoginInvalidUser">
    <error type="org.openqa.selenium.SessionNotCreatedException" message="session not created: This version of ChromeDriver only supports Chrome version 81
Build info: version: &#039;3.141.59&#039;, revision: &#039;e82be7d358&#039;, time: &#039;2018-11-14T08:17:03&#039;
System info: host: &#039;ANILKUMAR06&#039;, ip: &#039;192.168.43.62&#039;, os.name: &#039;Windows 10&#039;, os.arch: &#039;amd64&#039;, os.version: &#039;10.0&#039;, java.version: &#039;1.8.0_221&#039;
Driver info: driver.version: ChromeDriver
remote stacktrace: Backtrace:
	Ordinal0 [0x015B5F73+2449267]
	Ordinal0 [0x014E8361+1606497]
	Ordinal0 [0x013DF969+522601]
	Ordinal0 [0x013705F3+67059]
	Ordinal0 [0x0136CD92+52626]
	Ordinal0 [0x0138C127+180519]
	Ordinal0 [0x0138BF2D+180013]
	Ordinal0 [0x01389E5B+171611]
	Ordinal0 [0x01371DD8+73176]
	Ordinal0 [0x01372E50+77392]
	Ordinal0 [0x01372DE9+77289]
	Ordinal0 [0x014FD8D7+1693911]
	GetHandleVerifier [0x01654036+522726]
	GetHandleVerifier [0x01653D74+522020]
	GetHandleVerifier [0x01669187+609079]
	GetHandleVerifier [0x016548A6+524886]
	Ordinal0 [0x014F5CBC+1662140]
	Ordinal0 [0x014FF23B+1700411]
	Ordinal0 [0x014FF3A3+1700771]
	Ordinal0 [0x01515215+1790485]
	BaseThreadInitThunk [0x77760419+25]
	RtlGetAppContainerNamedObjectPath [0x77B6662D+237]
	RtlGetAppContainerNamedObjectPath [0x77B665FD+189]
">
      <![CDATA[org.openqa.selenium.SessionNotCreatedException: session not created: This version of ChromeDriver only supports Chrome version 81
Build info: version: '3.141.59', revision: 'e82be7d358', time: '2018-11-14T08:17:03'
System info: host: 'ANILKUMAR06', ip: '192.168.43.62', os.name: 'Windows 10', os.arch: 'amd64', os.version: '10.0', java.version: '1.8.0_221'
Driver info: driver.version: ChromeDriver
remote stacktrace: Backtrace:
	Ordinal0 [0x015B5F73+2449267]
	Ordinal0 [0x014E8361+1606497]
	Ordinal0 [0x013DF969+522601]
	Ordinal0 [0x013705F3+67059]
	Ordinal0 [0x0136CD92+52626]
	Ordinal0 [0x0138C127+180519]
	Ordinal0 [0x0138BF2D+180013]
	Ordinal0 [0x01389E5B+171611]
	Ordinal0 [0x01371DD8+73176]
	Ordinal0 [0x01372E50+77392]
	Ordinal0 [0x01372DE9+77289]
	Ordinal0 [0x014FD8D7+1693911]
	GetHandleVerifier [0x01654036+522726]
	GetHandleVerifier [0x01653D74+522020]
	GetHandleVerifier [0x01669187+609079]
	GetHandleVerifier [0x016548A6+524886]
	Ordinal0 [0x014F5CBC+1662140]
	Ordinal0 [0x014FF23B+1700411]
	Ordinal0 [0x014FF3A3+1700771]
	Ordinal0 [0x01515215+1790485]
	BaseThreadInitThunk [0x77760419+25]
	RtlGetAppContainerNamedObjectPath [0x77B6662D+237]
	RtlGetAppContainerNamedObjectPath [0x77B665FD+189]

	at sun.reflect.NativeConstructorAccessorImpl.newInstance0(Native Method)
	at sun.reflect.NativeConstructorAccessorImpl.newInstance(NativeConstructorAccessorImpl.java:62)
	at sun.reflect.DelegatingConstructorAccessorImpl.newInstance(DelegatingConstructorAccessorImpl.java:45)
	at java.lang.reflect.Constructor.newInstance(Constructor.java:423)
	at org.openqa.selenium.remote.W3CHandshakeResponse.lambda$errorHandler$0(W3CHandshakeResponse.java:62)
	at org.openqa.selenium.remote.HandshakeResponse.lambda$getResponseFunction$0(HandshakeResponse.java:30)
	at org.openqa.selenium.remote.ProtocolHandshake.lambda$createSession$0(ProtocolHandshake.java:126)
	at java.util.stream.ReferencePipeline$3$1.accept(ReferencePipeline.java:193)
	at java.util.Spliterators$ArraySpliterator.tryAdvance(Spliterators.java:958)
	at java.util.stream.ReferencePipeline.forEachWithCancel(ReferencePipeline.java:126)
	at java.util.stream.AbstractPipeline.copyIntoWithCancel(AbstractPipeline.java:499)
	at java.util.stream.AbstractPipeline.copyInto(AbstractPipeline.java:486)
	at java.util.stream.AbstractPipeline.wrapAndCopyInto(AbstractPipeline.java:472)
	at java.util.stream.FindOps$FindOp.evaluateSequential(FindOps.java:152)
	at java.util.stream.AbstractPipeline.evaluate(AbstractPipeline.java:234)
	at java.util.stream.ReferencePipeline.findFirst(ReferencePipeline.java:464)
	at org.openqa.selenium.remote.ProtocolHandshake.createSession(ProtocolHandshake.java:128)
	at org.openqa.selenium.remote.ProtocolHandshake.createSession(ProtocolHandshake.java:74)
	at org.openqa.selenium.remote.HttpCommandExecutor.execute(HttpCommandExecutor.java:136)
	at org.openqa.selenium.remote.service.DriverCommandExecutor.execute(DriverCommandExecutor.java:83)
	at org.openqa.selenium.remote.RemoteWebDriver.execute(RemoteWebDriver.java:552)
	at org.openqa.selenium.remote.RemoteWebDriver.startSession(RemoteWebDriver.java:213)
	at org.openqa.selenium.remote.RemoteWebDriver.<init>(RemoteWebDriver.java:131)
	at org.openqa.selenium.chrome.ChromeDriver.<init>(ChromeDriver.java:181)
	at org.openqa.selenium.chrome.ChromeDriver.<init>(ChromeDriver.java:168)
	at org.openqa.selenium.chrome.ChromeDriver.<init>(ChromeDriver.java:157)
	at com.amazonAutomationFramework.basePack.testbase.launchbrowser(testbase.java:49)
	at com.amazonAutomationFramework.TestPackage.amazonLoginInvalidUser.beforeMethodSetup(amazonLoginInvalidUser.java:31)
	at sun.reflect.NativeMethodAccessorImpl.invoke0(Native Method)
	at sun.reflect.NativeMethodAccessorImpl.invoke(NativeMethodAccessorImpl.java:62)
	at sun.reflect.DelegatingMethodAccessorImpl.invoke(DelegatingMethodAccessorImpl.java:43)
	at java.lang.reflect.Method.invoke(Method.java:498)
	at org.testng.internal.MethodInvocationHelper.invokeMethod(MethodInvocationHelper.java:86)
	at org.testng.internal.Invoker.invokeConfigurationMethod(Invoker.java:514)
	at org.testng.internal.Invoker.invokeConfigurations(Invoker.java:215)
	at org.testng.internal.Invoker.invokeConfigurations(Invoker.java:142)
	at org.testng.TestRunner.beforeRun(TestRunner.java:656)
	at org.testng.TestRunner.run(TestRunner.java:624)
	at org.testng.SuiteRunner.runTest(SuiteRunner.java:366)
	at org.testng.SuiteRunner.runSequentially(SuiteRunner.java:361)
	at org.testng.SuiteRunner.privateRun(SuiteRunner.java:319)
	at org.testng.SuiteRunner.run(SuiteRunner.java:268)
	at org.testng.SuiteRunnerWorker.runSuite(SuiteRunnerWorker.java:52)
	at org.testng.SuiteRunnerWorker.run(SuiteRunnerWorker.java:86)
	at org.testng.TestNG.runSuitesSequentially(TestNG.java:1244)
	at org.testng.TestNG.runSuitesLocally(TestNG.java:1169)
	at org.testng.TestNG.run(TestNG.java:1064)
	at org.testng.remote.RemoteTestNG.run(RemoteTestNG.java:113)
	at org.testng.remote.RemoteTestNG.initAndRun(RemoteTestNG.java:206)
	at org.testng.remote.RemoteTestNG.main(RemoteTestNG.java:177)
]]>
    </error>
  </testcase> <!-- invalidUserLoginTest -->
</testsuite> <!-- com.amazonAutomationFramework.TestPackage.amazonLoginInvalidUser -->
